[10.23.18 05:23 PM ]Both license storage C:\ProgramData\Embarcadero\.licenses\.cg_license and backup file are missing. Will create new ones.
[10.23.18 05:23 PM ]----------------------------------------
[10.23.18 05:23 PM ]Operating System: Windows
[10.23.18 05:23 PM ]Current User: Евгений
[10.23.18 05:23 PM ]System Registration Key: 6613301
[10.23.18 05:23 PM ]Node Lock: Y0UQVUXCPY583WX
[10.23.18 05:23 PM ]
[10.23.18 05:23 PM ]----------------------------------------
[10.23.18 05:23 PM ]
[10.23.18 05:23 PM ]
[10.23.18 05:23 PM ]License: RAD Studio XE8
[10.23.18 05:23 PM ]Registration Key=0
[10.23.18 05:23 PM ]----------------------------------------
[10.23.18 05:23 PM ]Operating System: Windows
[10.23.18 05:23 PM ]Current User: Евгений
[10.23.18 05:23 PM ]System Registration Key: 6613301
[10.23.18 05:23 PM ]Node Lock: Y0UQVUXCPY583WX
[10.23.18 05:23 PM ]
[10.23.18 05:23 PM ]----------------------------------------
[10.23.18 05:23 PM ]
[10.23.18 05:23 PM ]
[10.23.18 05:23 PM ]License: RAD Studio XE8
[10.23.18 05:23 PM ]Registration Key=0
[10.23.18 05:24 PM ]----------------------------------------
[10.23.18 05:24 PM ]Operating System: Windows
[10.23.18 05:24 PM ]Current User: Евгений
[10.23.18 05:24 PM ]System Registration Key: 6613301
[10.23.18 05:24 PM ]Node Lock: Y0UQVUXCPY583WX
[10.23.18 05:24 PM ]
[10.23.18 05:24 PM ]----------------------------------------
[10.23.18 05:24 PM ]
[10.23.18 05:24 PM ]
[10.23.18 05:24 PM ]License: RAD Studio XE8
[10.23.18 05:24 PM ]Registration Key=0
[10.23.18 05:24 PM ]----------------------------------------
[10.23.18 05:24 PM ]Operating System: Windows
[10.23.18 05:24 PM ]Current User: Евгений
[10.23.18 05:24 PM ]System Registration Key: 6613301
[10.23.18 05:24 PM ]Node Lock: Y0UQVUXCPY583WX
[10.23.18 05:24 PM ]
[10.23.18 05:24 PM ]----------------------------------------
[10.23.18 05:24 PM ]
[10.23.18 05:24 PM ]
[10.23.18 05:24 PM ]License: RAD Studio XE8
[10.23.18 05:24 PM ]Registration Key=0
[10.23.18 05:24 PM ]----------------------------------------
[10.23.18 05:24 PM ]Operating System: Windows
[10.23.18 05:24 PM ]Current User: Евгений
[10.23.18 05:24 PM ]System Registration Key: 6613301
[10.23.18 05:24 PM ]Node Lock: Y0UQVUXCPY583WX
[10.23.18 05:24 PM ]
[10.23.18 05:24 PM ]----------------------------------------
[10.23.18 05:24 PM ]
[10.23.18 05:24 PM ]
[10.23.18 05:24 PM ]License: RAD Studio XE8
[10.23.18 05:24 PM ]Registration Key=0
[10.23.18 05:28 PM ]----------------------------------------
[10.23.18 05:28 PM ]Operating System: Windows
[10.23.18 05:28 PM ]Current User: Евгений
[10.23.18 05:28 PM ]System Registration Key: 6613301
[10.23.18 05:28 PM ]Node Lock: Y0UQVUXCPY583WX
[10.23.18 05:28 PM ]
[10.23.18 05:28 PM ]----------------------------------------
[10.23.18 05:28 PM ]Unreg #0 HNAA-NDDFNK-A3BBCL-FCRN
[10.23.18 05:28 PM ]Unreg #1 HNFA-AAAANA-FJBBCL-FANN
[10.23.18 05:28 PM ]
[10.23.18 05:28 PM ]
[10.23.18 05:28 PM ]License: RAD Studio XE8
[10.23.18 05:28 PM ]Registration Key=0
[10.23.18 05:28 PM ]----------------------------------------
[10.23.18 05:28 PM ]Operating System: Windows
[10.23.18 05:28 PM ]Current User: Евгений
[10.23.18 05:28 PM ]System Registration Key: 6613301
[10.23.18 05:28 PM ]Node Lock: Y0UQVUXCPY583WX
[10.23.18 05:28 PM ]
[10.23.18 05:28 PM ]----------------------------------------
[10.23.18 05:28 PM ]Unreg #0 HNAA-NDDFNK-A3BBCL-FCRN
[10.23.18 05:28 PM ]Unreg #1 HNFA-AAAANA-FJBBCL-FANN
[10.23.18 05:28 PM ]
[10.23.18 05:28 PM ]
[10.23.18 05:28 PM ]License: RAD Studio XE8
[10.23.18 05:28 PM ]Registration Key=0
[10.23.18 05:28 PM ]----------------------------------------
[10.23.18 05:28 PM ]Operating System: Windows
[10.23.18 05:28 PM ]Current User: Евгений
[10.23.18 05:28 PM ]System Registration Key: 6613301
[10.23.18 05:28 PM ]Node Lock: Y0UQVUXCPY583WX
[10.23.18 05:28 PM ]
[10.23.18 05:28 PM ]----------------------------------------
[10.23.18 05:28 PM ]Unreg #0 HNAA-NDDFNK-A3BBCL-FCRN
[10.23.18 05:28 PM ]Unreg #1 HNFA-AAAANA-FJBBCL-FANN
[10.23.18 05:28 PM ]
[10.23.18 05:28 PM ]
[10.23.18 05:28 PM ]License: RAD Studio XE8
[10.23.18 05:28 PM ]Registration Key=0
[10.23.18 05:30 PM ]----------------------------------------
[10.23.18 05:30 PM ]Operating System: Windows
[10.23.18 05:30 PM ]Current User: Евгений
[10.23.18 05:30 PM ]System Registration Key: 6613301
[10.23.18 05:30 PM ]Node Lock: Y0UQVUXCPY583WX
[10.23.18 05:30 PM ]
[10.23.18 05:30 PM ]----------------------------------------
[10.23.18 05:30 PM ]Unreg #0 HNAA-NDDFNK-A3BBCL-FCRN
[10.23.18 05:30 PM ]Unreg #1 HNFA-AAAANA-FJBBCL-FANN
[10.23.18 05:30 PM ]
[10.23.18 05:30 PM ]
[10.23.18 05:30 PM ]License: RAD Studio XE8 Architect
[10.23.18 05:30 PM ]Registration Key=6613301
[10.23.18 05:30 PM ]Serial Number=HNAA-NDDFNK-A3BBCL-FCRN
[10.23.18 05:30 PM ]
[10.23.18 05:30 PM ]
[10.23.18 05:30 PM ]License: RAD Studio XE8
[10.23.18 05:30 PM ]Registration Key=0
[10.23.18 05:33 PM ]----------------------------------------
[10.23.18 05:33 PM ]Operating System: Windows
[10.23.18 05:33 PM ]Current User: Евгений
[10.23.18 05:33 PM ]System Registration Key: 6613301
[10.23.18 05:33 PM ]Node Lock: Y0UQVUXCPY583WX
[10.23.18 05:33 PM ]
[10.23.18 05:33 PM ]----------------------------------------
[10.23.18 05:33 PM ]Unreg #0 HNFA-AAAANA-FJBBCL-FANN
[10.23.18 05:33 PM ]
[10.23.18 05:33 PM ]
[10.23.18 05:33 PM ]License: RAD Studio XE8 Architect
[10.23.18 05:33 PM ]Registration Key=6613301
[10.23.18 05:33 PM ]Serial Number=HNAA-NDDFNK-A3BBCL-FCRN
[10.23.18 05:33 PM ]
[10.23.18 05:33 PM ]
[10.23.18 05:33 PM ]License: RAD Studio XE8
[10.23.18 05:33 PM ]Registration Key=0
[11.21.18 02:25 PM ]----------------------------------------
[11.21.18 02:25 PM ]Operating System: Windows
[11.21.18 02:25 PM ]Current User: Евгений
[11.21.18 02:25 PM ]System Registration Key: 6613301
[11.21.18 02:25 PM ]Node Lock: Y0UQVUXCPY583WX
[11.21.18 02:25 PM ]
[11.21.18 02:25 PM ]----------------------------------------
[11.21.18 02:25 PM ]Unreg #0 HNFA-AAAANA-FJBBCL-FANN
[11.21.18 02:25 PM ]
[11.21.18 02:25 PM ]
[11.21.18 02:25 PM ]License: RAD Studio XE8 Architect
[11.21.18 02:25 PM ]Registration Key=6613301
[11.21.18 02:25 PM ]Serial Number=HNAA-NDDFNK-A3BBCL-FCRN
[11.21.18 02:25 PM ]
[11.21.18 02:25 PM ]
[11.21.18 02:25 PM ]License: RAD Studio XE8
[11.21.18 02:25 PM ]Registration Key=0
[11.21.18 02:26 PM ]----------------------------------------
[11.21.18 02:26 PM ]Operating System: Windows
[11.21.18 02:26 PM ]Current User: Евгений
[11.21.18 02:26 PM ]System Registration Key: 6613301
[11.21.18 02:26 PM ]Node Lock: Y0UQVUXCPY583WX
[11.21.18 02:26 PM ]
[11.21.18 02:26 PM ]----------------------------------------
[11.21.18 02:26 PM ]Unreg #0 HNFA-AAAANA-FJBBCL-FANN
[11.21.18 02:26 PM ]
[11.21.18 02:26 PM ]
[11.21.18 02:26 PM ]License: RAD Studio XE8 Architect
[11.21.18 02:26 PM ]Registration Key=6613301
[11.21.18 02:26 PM ]Serial Number=HNAA-NDDFNK-A3BBCL-FCRN
[11.21.18 02:26 PM ]
[11.21.18 02:26 PM ]
[11.21.18 02:26 PM ]License: RAD Studio XE8
[11.21.18 02:26 PM ]Registration Key=0
[11.23.18 12:33 PM ]----------------------------------------
[11.23.18 12:33 PM ]Operating System: Windows
[11.23.18 12:33 PM ]Current User: Евгений
[11.23.18 12:33 PM ]System Registration Key: 6613301
[11.23.18 12:33 PM ]Node Lock: Y0UQVUXCPY583WX
[11.23.18 12:33 PM ]
[11.23.18 12:33 PM ]----------------------------------------
[11.23.18 12:33 PM ]Unreg #0 HNFA-AAAANA-FJBBCL-FANN
[11.23.18 12:33 PM ]
[11.23.18 12:33 PM ]
[11.23.18 12:33 PM ]License: RAD Studio XE8 Architect
[11.23.18 12:33 PM ]Registration Key=6613301
[11.23.18 12:33 PM ]Serial Number=HNAA-NDDFNK-A3BBCL-FCRN
[11.23.18 12:33 PM ]
[11.23.18 12:33 PM ]
[11.23.18 12:33 PM ]License: RAD Studio XE8
[11.23.18 12:33 PM ]Registration Key=0
[02.12.19 03:03 PM ]----------------------------------------
[02.12.19 03:03 PM ]Operating System: Windows
[02.12.19 03:03 PM ]Current User: Евгений
[02.12.19 03:03 PM ]System Registration Key: 6613301
[02.12.19 03:03 PM ]Node Lock: Y0UQVUXCPY583WX
[02.12.19 03:03 PM ]
[02.12.19 03:03 PM ]----------------------------------------
[02.12.19 03:03 PM ]Unreg #0 HNFA-AAAANA-FJBBCL-FANN
[02.12.19 03:03 PM ]
[02.12.19 03:03 PM ]
[02.12.19 03:03 PM ]License: RAD Studio XE8 Architect
[02.12.19 03:03 PM ]Registration Key=6613301
[02.12.19 03:03 PM ]Serial Number=HNAA-NDDFNK-A3BBCL-FCRN
[02.12.19 03:03 PM ]
[02.12.19 03:03 PM ]
[02.12.19 03:03 PM ]License: RAD Studio XE8
[02.12.19 03:03 PM ]Registration Key=0
[02.12.19 03:15 PM ]----------------------------------------
[02.12.19 03:15 PM ]Operating System: Windows
[02.12.19 03:15 PM ]Current User: Евгений
[02.12.19 03:15 PM ]System Registration Key: 6613301
[02.12.19 03:15 PM ]Node Lock: Y0UQVUXCPY583WX
[02.12.19 03:15 PM ]
[02.12.19 03:15 PM ]----------------------------------------
[02.12.19 03:15 PM ]Unreg #0 HNFA-AAAANA-FJBBCL-FANN
[02.12.19 03:15 PM ]
[02.12.19 03:15 PM ]
[02.12.19 03:15 PM ]License: RAD Studio XE8 Architect
[02.12.19 03:15 PM ]Registration Key=6613301
[02.12.19 03:15 PM ]Serial Number=HNAA-NDDFNK-A3BBCL-FCRN
[02.12.19 03:15 PM ]
[02.12.19 03:15 PM ]
[02.12.19 03:15 PM ]License: RAD Studio XE8
[02.12.19 03:15 PM ]Registration Key=0
